Streaming transaction logs mentioning 32wMorHUnU6UhFbkzzNM6Npg2ztQGHsjuDnMYRrn8Dc2. Confirmed commitment
Transaction executed in slot 155204212:
  Signature: 3EBWV3dCZDQr5QSvz6LsHtP5FufAp9C7u3NbyxDD6nrhzxnvR1QYp1oteD485aqfSabNYkrGNcPJwwRFHoQT5cky
  Status: Ok
  Log Messages:
    Program 32wMorHUnU6UhFbkzzNM6Npg2ztQGHsjuDnMYRrn8Dc2 invoke [1]
    Program log: Instruction: InitializeStorageAccount
    Program 11111111111111111111111111111111 invoke [2]
    Program 11111111111111111111111111111111 success
    Program 32wMorHUnU6UhFbkzzNM6Npg2ztQGHsjuDnMYRrn8Dc2 consumed 10414 of 200000 compute units
    Program 32wMorHUnU6UhFbkzzNM6Npg2ztQGHsjuDnMYRrn8Dc2 success
Transaction executed in slot 155204212:
  Signature: 6TMeg4Um1H8Yki55hf8fduyM9z1aJB1mwRGN4QnU2WSXjAJMDSwUDaxCFKvgQ6fNh7GXSqhrjMSLb2sieN8L5hT
  Status: Error processing Instruction 0: Computational budget exceeded
  Log Messages:
    Program 32wMorHUnU6UhFbkzzNM6Npg2ztQGHsjuDnMYRrn8Dc2 invoke [1]
    Program log: Instruction: Mint
    Program log: Creating mint account...
    Program log: Mint: 2SCCRTJkFFfyhLETgx8eihoBpqqtq5XouTYSWUQhkHye
    Program 11111111111111111111111111111111 invoke [2]
    Program 11111111111111111111111111111111 success
    Program log: Initializing mint account...
    Program log: Mint: 2SCCRTJkFFfyhLETgx8eihoBpqqtq5XouTYSWUQhkHye
    Program TokenkegQfeZyiNwAJbNbGKPFXCWuBvf9Ss623VQ5DA invoke [2]
    Program log: Instruction: InitializeMint
    Program TokenkegQfeZyiNwAJbNbGKPFXCWuBvf9Ss623VQ5DA consumed 2968 of 161807 compute units
    Program TokenkegQfeZyiNwAJbNbGKPFXCWuBvf9Ss623VQ5DA success
    Program log: Creating token account...
    Program log: Token Address: 3J7Wgh6wcXVa7cGqFMTry5yXFQJ32zYtBmEgyDf38Zzq
    Program ATokenGPvbdGVxr1b2hvZbsiqW5xWH25efTNsLJA8knL invoke [2]
    Program log: Create
    Program TokenkegQfeZyiNwAJbNbGKPFXCWuBvf9Ss623VQ5DA invoke [3]
    Program log: Instruction: GetAccountDataSize
    Program TokenkegQfeZyiNwAJbNbGKPFXCWuBvf9Ss623VQ5DA consumed 1622 of 125982 compute units
    Program return: TokenkegQfeZyiNwAJbNbGKPFXCWuBvf9Ss623VQ5DA pQAAAAAAAAA=
    Program TokenkegQfeZyiNwAJbNbGKPFXCWuBvf9Ss623VQ5DA success
    Program 11111111111111111111111111111111 invoke [3]
    Program 11111111111111111111111111111111 success
    Program log: Initialize the associated token account
    Program TokenkegQfeZyiNwAJbNbGKPFXCWuBvf9Ss623VQ5DA invoke [3]
    Program log: Instruction: InitializeImmutableOwner
    Program log: Please upgrade to SPL Token 2022 for immutable owner support
    Program TokenkegQfeZyiNwAJbNbGKPFXCWuBvf9Ss623VQ5DA consumed 1405 of 119492 compute units
    Program TokenkegQfeZyiNwAJbNbGKPFXCWuBvf9Ss623VQ5DA success
    Program TokenkegQfeZyiNwAJbNbGKPFXCWuBvf9Ss623VQ5DA invoke [3]
    Program log: Instruction: InitializeAccount3
    Program TokenkegQfeZyiNwAJbNbGKPFXCWuBvf9Ss623VQ5DA consumed 4241 of 115610 compute units
    Program TokenkegQfeZyiNwAJbNbGKPFXCWuBvf9Ss623VQ5DA success
    Program ATokenGPvbdGVxr1b2hvZbsiqW5xWH25efTNsLJA8knL consumed 24944 of 135996 compute units
    Program ATokenGPvbdGVxr1b2hvZbsiqW5xWH25efTNsLJA8knL success
    Program log: Minting token to token account...
    Program log: Mint: 2SCCRTJkFFfyhLETgx8eihoBpqqtq5XouTYSWUQhkHye
    Program log: Token Address: 3J7Wgh6wcXVa7cGqFMTry5yXFQJ32zYtBmEgyDf38Zzq
    Program TokenkegQfeZyiNwAJbNbGKPFXCWuBvf9Ss623VQ5DA invoke [2]
    Program log: Instruction: MintTo
    Program TokenkegQfeZyiNwAJbNbGKPFXCWuBvf9Ss623VQ5DA consumed 4538 of 84610 compute units
    Program TokenkegQfeZyiNwAJbNbGKPFXCWuBvf9Ss623VQ5DA success
    Program log: Creating metadata account...
    Program log: Metadata account address: AJNqxNdsVexaLj5tKrXMzBKzmAn6qxSGqtESKVdYXE4v
    Program metaqbxxUerdq28cj1RbAWkYQm3ybzjb6a8bt518x1s invoke [2]
    Program log: Instruction: Create Metadata Accounts v2
    Program log: Transfer 5616720 lamports to the new account
    Program 11111111111111111111111111111111 invoke [3]
    Program 11111111111111111111111111111111 success
    Program log: Allocate space for the account
    Program 11111111111111111111111111111111 invoke [3]
    Program 11111111111111111111111111111111 success
    Program log: Assign the account to the owning program
    Program 11111111111111111111111111111111 invoke [3]
    Program 11111111111111111111111111111111 success
    Program metaqbxxUerdq28cj1RbAWkYQm3ybzjb6a8bt518x1s consumed 24783 of 63602 compute units
    Program metaqbxxUerdq28cj1RbAWkYQm3ybzjb6a8bt518x1s success
    Program log: Creating master edition metadata account...
    Program log: Master edition metadata account address: CLZ2hBMYa6Uh9ZPiCcYxidYYV9xGCpMJ4k5S3AeeLNsq
    Program metaqbxxUerdq28cj1RbAWkYQm3ybzjb6a8bt518x1s invoke [2]
    Program log: V3 Create Master Edition
    Program log: Transfer 2853600 lamports to the new account
    Program 11111111111111111111111111111111 invoke [3]
    Program 11111111111111111111111111111111 success
    Program log: Allocate space for the account
    Program 11111111111111111111111111111111 invoke [3]
    Program 11111111111111111111111111111111 success
    Program log: Assign the account to the owning program
    Program 11111111111111111111111111111111 invoke [3]
    Program 11111111111111111111111111111111 success
    Program log: Setting mint authority
    Program metaqbxxUerdq28cj1RbAWkYQm3ybzjb6a8bt518x1s consumed 21591 of 21591 compute units
    Program metaqbxxUerdq28cj1RbAWkYQm3ybzjb6a8bt518x1s failed: Computational budget exceeded
    Program 32wMorHUnU6UhFbkzzNM6Npg2ztQGHsjuDnMYRrn8Dc2 consumed 200000 of 200000 compute units
    Program 32wMorHUnU6UhFbkzzNM6Npg2ztQGHsjuDnMYRrn8Dc2 failed: Computational budget exceeded
Transaction executed in slot 155204212:
  Signature: 5jV64ouUiAKMxDiRTLfFVyt47q4KdEAxX3o3QvyKe1LMNs5dAvEgFQpfLuPMjycz3sxBCi9UF68WPxQzVMwNepCS
  Status: Error processing Instruction 0: custom program error: 0xbc4
  Log Messages:
    Program 32wMorHUnU6UhFbkzzNM6Npg2ztQGHsjuDnMYRrn8Dc2 invoke [1]
    Program log: Instruction: Send
    Program log: AnchorError caused by account: mint. Error Code: AccountNotInitialized. Error Number: 3012. Error Message: The program expected this account to be already initialized.
    Program 32wMorHUnU6UhFbkzzNM6Npg2ztQGHsjuDnMYRrn8Dc2 consumed 4725 of 200000 compute units
    Program 32wMorHUnU6UhFbkzzNM6Npg2ztQGHsjuDnMYRrn8Dc2 failed: custom program error: 0xbc4
